#
# There is insufficient memory for the Java Runtime Environment to continue.
# Native memory allocation (malloc) failed to allocate 469762048 bytes for committing reserved memory.
# Possible reasons:
#   The system is out of physical RAM or swap space
#   In 32 bit mode, the process size limit was hit
# Possible solutions:
#   Reduce memory load on the system
#   Increase physical memory or swap space
#   Check if swap backing store is full
#   Use 64 bit Java on a 64 bit OS
#   Decrease Java heap size (-Xmx/-Xms)
#   Decrease number of Java threads
#   Decrease Java thread stack sizes (-Xss)
#   Set larger code cache with -XX:ReservedCodeCacheSize=
# This output file may be truncated or incomplete.
#
#  Out of Memory Error (os_linux.cpp:2809), pid=2147, tid=3059608384
#
# JRE version:  (7.0_79-b14) (build )
# Java VM: OpenJDK Server VM (24.79-b02 mixed mode linux-x86 )
# Derivative: IcedTea 2.5.6
# Distribution: Ubuntu 14.04 LTS, package 7u79-2.5.6-0ubuntu1.14.04.1
# Failed to write core dump. Core dumps have been disabled. To enable core dumping, try "ulimit -c unlimited" before starting Java again
#

---------------  T H R E A D  ---------------

Current thread (0xb6307800):  JavaThread "Unknown thread" [_thread_in_vm, id=2148, stack(0xb64de000,0xb65df000)]

Stack: [0xb64de000,0xb65df000]

---------------  P R O C E S S  ---------------

Java Threads: ( => current thread )

Other Threads:

=>0xb6307800 (exited) JavaThread "Unknown thread" [_thread_in_vm, id=2148, stack(0xb64de000,0xb65df000)]

VM state:not at safepoint (not fully initialized)

VM Mutex/Monitor currently owned by a thread: None

GC Heap History (0 events):
No events

Deoptimization events (0 events):
No events

Internal exceptions (0 events):
No events

Events (0 events):
No events


Dynamic libraries:
08048000-08049000 r-xp 00000000 ca:01 1194190    /usr/lib/jvm/java-7-openjdk-i386/jre/bin/java
08049000-0804a000 r--p 00000000 ca:01 1194190    /usr/lib/jvm/java-7-openjdk-i386/jre/bin/java
0804a000-0804b000 rw-p 00001000 ca:01 1194190    /usr/lib/jvm/java-7-openjdk-i386/jre/bin/java
08f68000-08f89000 rw-p 00000000 00:00 0          [heap]
8b0bf000-8b0df000 rw-p 00000000 00:00 0 
8b0df000-8b1ff000 rw-p 00000000 00:00 0 
8b1ff000-8f200000 rw-p 00000000 00:00 0 
ab200000-b3200000 rw-p 00000000 00:00 0 
b3240000-b3249000 rw-p 00000000 00:00 0 
b3249000-b3300000 rw-p 00000000 00:00 0 
b3300000-b3540000 rwxp 00000000 00:00 0 
b3540000-b6321000 rw-p 00000000 00:00 0 
b6321000-b6400000 ---p 00000000 00:00 0 
b645a000-b6465000 r-xp 00000000 ca:01 655576     /lib/i386-linux-gnu/libnss_files-2.19.so
b6465000-b6466000 r--p 0000a000 ca:01 655576     /lib/i386-linux-gnu/libnss_files-2.19.so
b6466000-b6467000 rw-p 0000b000 ca:01 655576     /lib/i386-linux-gnu/libnss_files-2.19.so
b6467000-b6471000 r-xp 00000000 ca:01 655559     /lib/i386-linux-gnu/libnss_nis-2.19.so
b6471000-b6472000 r--p 00009000 ca:01 655559     /lib/i386-linux-gnu/libnss_nis-2.19.so
b6472000-b6473000 rw-p 0000a000 ca:01 655559     /lib/i386-linux-gnu/libnss_nis-2.19.so
b6473000-b6488000 r-xp 00000000 ca:01 655560     /lib/i386-linux-gnu/libnsl-2.19.so
b6488000-b6489000 r--p 00015000 ca:01 655560     /lib/i386-linux-gnu/libnsl-2.19.so
b6489000-b648a000 rw-p 00016000 ca:01 655560     /lib/i386-linux-gnu/libnsl-2.19.so
b648a000-b648c000 rw-p 00000000 00:00 0 
b648c000-b6493000 r-xp 00000000 ca:01 655567     /lib/i386-linux-gnu/libnss_compat-2.19.so
b6493000-b6494000 r--p 00006000 ca:01 655567     /lib/i386-linux-gnu/libnss_compat-2.19.so
b6494000-b6495000 rw-p 00007000 ca:01 655567     /lib/i386-linux-gnu/libnss_compat-2.19.so
b649a000-b64a2000 r-xp 00000000 ca:01 1063993    /usr/lib/jvm/java-7-openjdk-i386/jre/lib/i386/libzip.so
b64a2000-b64a3000 r--p 00007000 ca:01 1063993    /usr/lib/jvm/java-7-openjdk-i386/jre/lib/i386/libzip.so
b64a3000-b64a4000 rw-p 00008000 ca:01 1063993    /usr/lib/jvm/java-7-openjdk-i386/jre/lib/i386/libzip.so
b64a4000-b64ac000 rw-s 00000000 ca:01 291538     /tmp/hsperfdata_root/2147
b64ac000-b64d3000 r-xp 00000000 ca:01 1064033    /usr/lib/jvm/java-7-openjdk-i386/jre/lib/i386/libjava.so
b64d3000-b64d4000 r--p 00026000 ca:01 1064033    /usr/lib/jvm/java-7-openjdk-i386/jre/lib/i386/libjava.so
b64d4000-b64d5000 rw-p 00027000 ca:01 1064033    /usr/lib/jvm/java-7-openjdk-i386/jre/lib/i386/libjava.so
b64d5000-b64dc000 r-xp 00000000 ca:01 655577     /lib/i386-linux-gnu/librt-2.19.so
b64dc000-b64dd000 r--p 00006000 ca:01 655577     /lib/i386-linux-gnu/librt-2.19.so
b64dd000-b64de000 rw-p 00007000 ca:01 655577     /lib/i386-linux-gnu/librt-2.19.so
b64de000-b64e1000 ---p 00000000 00:00 0 
b64e1000-b65df000 rw-p 00000000 00:00 0          [stack:2148]
b65df000-b65fb000 r-xp 00000000 ca:01 655586     /lib/i386-linux-gnu/libgcc_s.so.1
b65fb000-b65fc000 rw-p 0001b000 ca:01 655586     /lib/i386-linux-gnu/libgcc_s.so.1
b65fc000-b6640000 r-xp 00000000 ca:01 655566     /lib/i386-linux-gnu/libm-2.19.so
b6640000-b6641000 r--p 00043000 ca:01 655566     /lib/i386-linux-gnu/libm-2.19.so
b6641000-b6642000 rw-p 00044000 ca:01 655566     /lib/i386-linux-gnu/libm-2.19.so
b6642000-b671e000 r-xp 00000000 ca:01 922694     /usr/lib/i386-linux-gnu/libstdc++.so.6.0.19
b671e000-b6722000 r--p 000dc000 ca:01 922694     /usr/lib/i386-linux-gnu/libstdc++.so.6.0.19
b6722000-b6723000 rw-p 000e0000 ca:01 922694     /usr/lib/i386-linux-gnu/libstdc++.so.6.0.19
b6723000-b672a000 rw-p 00000000 00:00 0 
b672a000-b7119000 r-xp 00000000 ca:01 1063999    /usr/lib/jvm/java-7-openjdk-i386/jre/lib/i386/server/libjvm.so
b7119000-b716b000 r--p 009ee000 ca:01 1063999    /usr/lib/jvm/java-7-openjdk-i386/jre/lib/i386/server/libjvm.so
b716b000-b717f000 rw-p 00a40000 ca:01 1063999    /usr/lib/jvm/java-7-openjdk-i386/jre/lib/i386/server/libjvm.so
b717f000-b759d000 rw-p 00000000 00:00 0 
b759d000-b75b5000 r-xp 00000000 ca:01 655608     /lib/i386-linux-gnu/libz.so.1.2.8
b75b5000-b75b6000 r--p 00017000 ca:01 655608     /lib/i386-linux-gnu/libz.so.1.2.8
b75b6000-b75b7000 rw-p 00018000 ca:01 655608     /lib/i386-linux-gnu/libz.so.1.2.8
b75b7000-b75cf000 r-xp 00000000 ca:01 655571     /lib/i386-linux-gnu/libpthread-2.19.so
b75cf000-b75d0000 r--p 00018000 ca:01 655571     /lib/i386-linux-gnu/libpthread-2.19.so
b75d0000-b75d1000 rw-p 00019000 ca:01 655571     /lib/i386-linux-gnu/libpthread-2.19.so
b75d1000-b75d3000 rw-p 00000000 00:00 0 
b75d3000-b75d6000 r-xp 00000000 ca:01 655556     /lib/i386-linux-gnu/libdl-2.19.so
b75d6000-b75d7000 r--p 00002000 ca:01 655556     /lib/i386-linux-gnu/libdl-2.19.so
b75d7000-b75d8000 rw-p 00003000 ca:01 655556     /lib/i386-linux-gnu/libdl-2.19.so
b75d8000-b7780000 r-xp 00000000 ca:01 655554     /lib/i386-linux-gnu/libc-2.19.so
b7780000-b7782000 r--p 001a8000 ca:01 655554     /lib/i386-linux-gnu/libc-2.19.so
b7782000-b7783000 rw-p 001aa000 ca:01 655554     /lib/i386-linux-gnu/libc-2.19.so
b7783000-b7786000 rw-p 00000000 00:00 0 
b778b000-b778c000 rw-p 00000000 00:00 0 
b778c000-b778d000 r--p 00000000 00:00 0 
b778d000-b779b000 r-xp 00000000 ca:01 1064011    /usr/lib/jvm/java-7-openjdk-i386/jre/lib/i386/libverify.so
b779b000-b779c000 r--p 0000d000 ca:01 1064011    /usr/lib/jvm/java-7-openjdk-i386/jre/lib/i386/libverify.so
b779c000-b779d000 rw-p 0000e000 ca:01 1064011    /usr/lib/jvm/java-7-openjdk-i386/jre/lib/i386/libverify.so
b779d000-b77a9000 r-xp 00000000 ca:01 1063996    /usr/lib/jvm/java-7-openjdk-i386/jre/lib/i386/jli/libjli.so
b77a9000-b77aa000 r--p 0000c000 ca:01 1063996    /usr/lib/jvm/java-7-openjdk-i386/jre/lib/i386/jli/libjli.so
b77aa000-b77ab000 rw-p 0000d000 ca:01 1063996    /usr/lib/jvm/java-7-openjdk-i386/jre/lib/i386/jli/libjli.so
b77ab000-b77ae000 rw-p 00000000 00:00 0 
b77ae000-b77af000 r-xp 00000000 00:00 0          [vdso]
b77af000-b77cf000 r-xp 00000000 ca:01 655558     /lib/i386-linux-gnu/ld-2.19.so
b77cf000-b77d0000 r--p 0001f000 ca:01 655558     /lib/i386-linux-gnu/ld-2.19.so
b77d0000-b77d1000 rw-p 00020000 ca:01 655558     /lib/i386-linux-gnu/ld-2.19.so
bfe59000-bfe5a000 rwxp 00000000 00:00 0 
bff3c000-bff5d000 rw-p 00000000 00:00 0          [stack]

VM Arguments:
jvm_args: -Xincgc -Xms512M -Xmx512M -Xss1M 
java_command: /MCserver/craftbukkit-1.7.5-R0.1-20140408.020329-16.jar
Launcher Type: SUN_STANDARD

Environment Variables:
PATH=/usr/local/sbin:/usr/local/bin:/usr/sbin:/usr/bin:/sbin:/bin:/usr/games:/usr/local/games:/homework/scala/scala-2.11.8/bin
SHELL=/bin/bash

Signal Handlers:
SIGSEGV: [libjvm.so+0x80cb90], sa_mask[0]=0x7ffbfeff, sa_flags=0x10000004
SIGBUS: [libjvm.so+0x80cb90], sa_mask[0]=0x7ffbfeff, sa_flags=0x10000004
SIGFPE: [libjvm.so+0x684e30], sa_mask[0]=0x7ffbfeff, sa_flags=0x10000004
SIGPIPE: [libjvm.so+0x684e30], sa_mask[0]=0x7ffbfeff, sa_flags=0x10000004
SIGXFSZ: [libjvm.so+0x684e30], sa_mask[0]=0x7ffbfeff, sa_flags=0x10000004
SIGILL: [libjvm.so+0x684e30], sa_mask[0]=0x7ffbfeff, sa_flags=0x10000004
SIGUSR1: SIG_DFL, sa_mask[0]=0x00000000, sa_flags=0x00000000
SIGUSR2: [libjvm.so+0x684cc0], sa_mask[0]=0x00000000, sa_flags=0x10000004
SIGHUP: SIG_DFL, sa_mask[0]=0x00000000, sa_flags=0x00000000
SIGINT: SIG_DFL, sa_mask[0]=0x00000000, sa_flags=0x00000000
SIGTERM: SIG_DFL, sa_mask[0]=0x00000000, sa_flags=0x00000000
SIGQUIT: SIG_DFL, sa_mask[0]=0x00000000, sa_flags=0x00000000
SIGTRAP: SIG_DFL, sa_mask[0]=0x00000000, sa_flags=0x00000000


---------------  S Y S T E M  ---------------

OS:Ubuntu 14.04 (trusty)
uname:Linux 3.13.0-32-generic #57-Ubuntu SMP Tue Jul 15 03:51:12 UTC 2014 i686
libc:glibc 2.19 NPTL 2.19 
rlimit: STACK 8192k, CORE 0k, NPROC 7861, NOFILE 65535, AS infinity
load average:0.08 0.14 0.08

/proc/meminfo:
MemTotal:        1025624 kB
MemFree:          243744 kB
Buffers:           31828 kB
Cached:           253048 kB
SwapCached:            0 kB
Active:           534460 kB
Inactive:         213460 kB
Active(anon):     463688 kB
Inactive(anon):    11804 kB
Active(file):      70772 kB
Inactive(file):   201656 kB
Unevictable:           0 kB
Mlocked:               0 kB
HighTotal:        135176 kB
HighFree:          36816 kB
LowTotal:         890448 kB
LowFree:          206928 kB
SwapTotal:             0 kB
SwapFree:              0 kB
Dirty:               168 kB
Writeback:             0 kB
AnonPages:        463112 kB
Mapped:            76728 kB
Shmem:             12380 kB
Slab:              19172 kB
SReclaimable:      10336 kB
SUnreclaim:         8836 kB
KernelStack:        2096 kB
PageTables:         4256 kB
NFS_Unstable:          0 kB
Bounce:                0 kB
WritebackTmp:          0 kB
CommitLimit:      512812 kB
Committed_AS:    2401420 kB
VmallocTotal:     122880 kB
VmallocUsed:        2600 kB
VmallocChunk:     116192 kB
HardwareCorrupted:     0 kB
AnonHugePages:    313344 kB
HugePages_Total:       0
HugePages_Free:        0
HugePages_Rsvd:        0
HugePages_Surp:        0
Hugepagesize:       2048 kB
DirectMap4k:       22520 kB
DirectMap2M:      890880 kB


CPU:total 1 (32 cores per cpu, 2 threads per core) family 6 model 45 stepping 7, cmov, cx8, fxsr, mmx, sse, sse2, sse3, ssse3, sse4.1, sse4.2, popcnt, aes, ht, tsc

/proc/cpuinfo:
processor	: 0
vendor_id	: GenuineIntel
cpu family	: 6
model		: 45
model name	: Intel(R) Xeon(R) CPU E5-2430 0 @ 2.20GHz
stepping	: 7
microcode	: 0x710
cpu MHz		: 2200.050
cache size	: 15360 KB
physical id	: 0
siblings	: 1
core id		: 0
cpu cores	: 1
apicid		: 0
initial apicid	: 0
fdiv_bug	: no
f00f_bug	: no
coma_bug	: no
fpu		: yes
fpu_exception	: yes
cpuid level	: 13
wp		: yes
flags		: fpu vme de pse tsc msr pae mce cx8 apic sep mtrr pge mca cmov pat clflush mmx fxsr sse sse2 ht nx rdtscp lm constant_tsc pni ssse3 cx16 sse4_1 sse4_2 popcnt aes hypervisor lahf_lm
bogomips	: 4400.10
clflush size	: 64
cache_alignment	: 64
address sizes	: 46 bits physical, 48 bits virtual
power management:



Memory: 4k page, physical 1025624k(243744k free), swap 0k(0k free)

vm_info: OpenJDK Server VM (24.79-b02) for linux-x86 JRE (1.7.0_79-b14), built on Jul 24 2015 08:25:15 by "buildd" with gcc 4.8.2

time: Wed Apr  6 23:43:31 2016
elapsed time: 0 seconds

