Loading libraries, please wait...
[23:57:02 INFO]: Starting minecraft server version 1.7.5
[23:57:02 WARN]: To start the server with more ram, launch it as "java -Xmx1024M -Xms1024M -jar minecraft_server.jar"
[23:57:02 INFO]: Loading properties
[23:57:02 ERROR]: Exception handling console input
java.io.IOException: Bad file descriptor
	at java.io.FileInputStream.readBytes(Native Method) ~[?:1.7.0_79]
	at java.io.FileInputStream.read(FileInputStream.java:272) ~[?:1.7.0_79]
	at java.io.BufferedInputStream.fill(BufferedInputStream.java:235) ~[?:1.7.0_79]
	at java.io.BufferedInputStream.read(BufferedInputStream.java:254) ~[?:1.7.0_79]
	at java.io.FilterInputStream.read(FilterInputStream.java:83) ~[?:1.7.0_79]
	at org.bukkit.craftbukkit.libs.jline.console.ConsoleReader$1.read(ConsoleReader.java:167) ~[craftbukkit-1.7.5-R0.1-20140408.020329-16.jar:git-Bukkit-1.7.2-R0.3-14-g8f8716c-b3042jnks]
	at org.bukkit.craftbukkit.libs.jline.internal.InputStreamReader.read(InputStreamReader.java:267) ~[craftbukkit-1.7.5-R0.1-20140408.020329-16.jar:git-Bukkit-1.7.2-R0.3-14-g8f8716c-b3042jnks]
	at org.bukkit.craftbukkit.libs.jline.internal.InputStreamReader.read(InputStreamReader.java:204) ~[craftbukkit-1.7.5-R0.1-20140408.020329-16.jar:git-Bukkit-1.7.2-R0.3-14-g8f8716c-b3042jnks]
	at org.bukkit.craftbukkit.libs.jline.console.ConsoleReader.readCharacter(ConsoleReader.java:995) ~[craftbukkit-1.7.5-R0.1-20140408.020329-16.jar:git-Bukkit-1.7.2-R0.3-14-g8f8716c-b3042jnks]
	at org.bukkit.craftbukkit.libs.jline.console.ConsoleReader.readLineSimple(ConsoleReader.java:1506) ~[craftbukkit-1.7.5-R0.1-20140408.020329-16.jar:git-Bukkit-1.7.2-R0.3-14-g8f8716c-b3042jnks]
	at org.bukkit.craftbukkit.libs.jline.console.ConsoleReader.readLine(ConsoleReader.java:1153) ~[craftbukkit-1.7.5-R0.1-20140408.020329-16.jar:git-Bukkit-1.7.2-R0.3-14-g8f8716c-b3042jnks]
	at org.bukkit.craftbukkit.libs.jline.console.ConsoleReader.readLine(ConsoleReader.java:1117) ~[craftbukkit-1.7.5-R0.1-20140408.020329-16.jar:git-Bukkit-1.7.2-R0.3-14-g8f8716c-b3042jnks]
	at org.bukkit.craftbukkit.libs.jline.console.ConsoleReader.readLine(ConsoleReader.java:1105) ~[craftbukkit-1.7.5-R0.1-20140408.020329-16.jar:git-Bukkit-1.7.2-R0.3-14-g8f8716c-b3042jnks]
	at net.minecraft.server.v1_7_R2.ThreadCommandReader.run(ThreadCommandReader.java:34) [craftbukkit-1.7.5-R0.1-20140408.020329-16.jar:git-Bukkit-1.7.2-R0.3-14-g8f8716c-b3042jnks]
[23:57:02 INFO]: Default game type: SURVIVAL
[23:57:02 INFO]: Generating keypair
[23:57:03 INFO]: Starting Minecraft server on *:25565
[23:57:03 INFO]: This server is running CraftBukkit version git-Bukkit-1.7.2-R0.3-14-g8f8716c-b3042jnks (MC: 1.7.5) (Implementing API version 1.7.5-R0.1-SNAPSHOT)
[23:57:03 WARN]: **** SERVER IS RUNNING IN OFFLINE/INSECURE MODE!
[23:57:03 WARN]: The server will make no attempt to authenticate usernames. Beware.
[23:57:03 WARN]: While this makes the game possible to play without internet access, it also opens up the ability for hackers to connect with any username they choose.
[23:57:03 WARN]: To change this, set "online-mode" to "true" in the server.properties file.
[23:57:03 INFO]: Preparing level "false"
[23:57:03 INFO]: Preparing start region for level 0 (Seed: 2331610942913408221)
[23:57:04 INFO]: Preparing spawn area: 34%
[23:57:04 WARN]: Exception in thread "Thread-7" 
[23:57:04 WARN]: org.bukkit.craftbukkit.libs.com.google.gson.JsonSyntaxException: java.lang.IllegalStateException: Expected BEGIN_OBJECT but was STRING at line 1 column 7
[23:57:04 WARN]: 	at org.bukkit.craftbukkit.libs.com.google.gson.internal.bind.ReflectiveTypeAdapterFactory$Adapter.read(ReflectiveTypeAdapterFactory.java:180)
[23:57:04 WARN]: 	at org.bukkit.craftbukkit.libs.com.google.gson.Gson.fromJson(Gson.java:755)
[23:57:04 WARN]: 	at org.bukkit.craftbukkit.libs.com.google.gson.Gson.fromJson(Gson.java:694)
[23:57:04 WARN]: 	at org.bukkit.craftbukkit.v1_7_R2.updater.BukkitDLUpdaterService.fetchArtifact(BukkitDLUpdaterService.java:53)
[23:57:04 WARN]: 	at org.bukkit.craftbukkit.v1_7_R2.updater.BukkitDLUpdaterService.getArtifact(BukkitDLUpdaterService.java:30)
[23:57:04 WARN]: 	at org.bukkit.craftbukkit.v1_7_R2.updater.AutoUpdater$1.run(AutoUpdater.java:77)
[23:57:04 WARN]: Caused by: java.lang.IllegalStateException: Expected BEGIN_OBJECT but was STRING at line 1 column 7
[23:57:04 WARN]: 	at org.bukkit.craftbukkit.libs.com.google.gson.stream.JsonReader.expect(JsonReader.java:339)
[23:57:05 WARN]: 	at org.bukkit.craftbukkit.libs.com.google.gson.stream.JsonReader.beginObject(JsonReader.java:322)
[23:57:05 WARN]: 	at org.bukkit.craftbukkit.libs.com.google.gson.internal.bind.ReflectiveTypeAdapterFactory$Adapter.read(ReflectiveTypeAdapterFactory.java:168)
[23:57:05 WARN]: 	... 5 more
[23:57:05 INFO]: Preparing spawn area: 86%
[23:57:06 INFO]: Preparing start region for level 1 (Seed: 2331610942913408221)
[23:57:07 INFO]: Preparing spawn area: 80%
[23:57:07 INFO]: Preparing start region for level 2 (Seed: 2331610942913408221)
[23:57:07 INFO]: Server permissions file permissions.yml is empty, ignoring it
[23:57:08 INFO]: Done (4.280s)! For help, type "help" or "?"
[23:57:19 INFO]: Stopping server
[23:57:19 INFO]: Saving players
[23:57:19 INFO]: Saving worlds
[23:57:19 INFO]: Saving chunks for level 'world'/Overworld
