[01:19:54] [Server thread/INFO]: Starting minecraft server version 1.7.5
[01:19:54] [Server thread/WARN]: To start the server with more ram, launch it as "java -Xmx1024M -Xms1024M -jar minecraft_server.jar"
[01:19:54] [Server thread/INFO]: Loading properties
[01:19:54] [Server console handler/ERROR]: Exception handling console input
java.io.IOException: Bad file descriptor
	at java.io.FileInputStream.readBytes(Native Method) ~[?:1.7.0_79]
	at java.io.FileInputStream.read(FileInputStream.java:272) ~[?:1.7.0_79]
	at java.io.BufferedInputStream.fill(BufferedInputStream.java:235) ~[?:1.7.0_79]
	at java.io.BufferedInputStream.read(BufferedInputStream.java:254) ~[?:1.7.0_79]
	at java.io.FilterInputStream.read(FilterInputStream.java:83) ~[?:1.7.0_79]
	at org.bukkit.craftbukkit.libs.jline.console.ConsoleReader$1.read(ConsoleReader.java:167) ~[craftbukkit-1.7.5-R0.1-20140408.020329-16.jar:git-Bukkit-1.7.2-R0.3-14-g8f8716c-b3042jnks]
	at org.bukkit.craftbukkit.libs.jline.internal.InputStreamReader.read(InputStreamReader.java:267) ~[craftbukkit-1.7.5-R0.1-20140408.020329-16.jar:git-Bukkit-1.7.2-R0.3-14-g8f8716c-b3042jnks]
	at org.bukkit.craftbukkit.libs.jline.internal.InputStreamReader.read(InputStreamReader.java:204) ~[craftbukkit-1.7.5-R0.1-20140408.020329-16.jar:git-Bukkit-1.7.2-R0.3-14-g8f8716c-b3042jnks]
	at org.bukkit.craftbukkit.libs.jline.console.ConsoleReader.readCharacter(ConsoleReader.java:995) ~[craftbukkit-1.7.5-R0.1-20140408.020329-16.jar:git-Bukkit-1.7.2-R0.3-14-g8f8716c-b3042jnks]
	at org.bukkit.craftbukkit.libs.jline.console.ConsoleReader.readLineSimple(ConsoleReader.java:1506) ~[craftbukkit-1.7.5-R0.1-20140408.020329-16.jar:git-Bukkit-1.7.2-R0.3-14-g8f8716c-b3042jnks]
	at org.bukkit.craftbukkit.libs.jline.console.ConsoleReader.readLine(ConsoleReader.java:1153) ~[craftbukkit-1.7.5-R0.1-20140408.020329-16.jar:git-Bukkit-1.7.2-R0.3-14-g8f8716c-b3042jnks]
	at org.bukkit.craftbukkit.libs.jline.console.ConsoleReader.readLine(ConsoleReader.java:1117) ~[craftbukkit-1.7.5-R0.1-20140408.020329-16.jar:git-Bukkit-1.7.2-R0.3-14-g8f8716c-b3042jnks]
	at org.bukkit.craftbukkit.libs.jline.console.ConsoleReader.readLine(ConsoleReader.java:1105) ~[craftbukkit-1.7.5-R0.1-20140408.020329-16.jar:git-Bukkit-1.7.2-R0.3-14-g8f8716c-b3042jnks]
	at net.minecraft.server.v1_7_R2.ThreadCommandReader.run(ThreadCommandReader.java:34) [craftbukkit-1.7.5-R0.1-20140408.020329-16.jar:git-Bukkit-1.7.2-R0.3-14-g8f8716c-b3042jnks]
[01:19:54] [Server thread/INFO]: Default game type: SURVIVAL
[01:19:54] [Server thread/INFO]: Generating keypair
[01:19:54] [Server thread/INFO]: Starting Minecraft server on *:25565
[01:19:55] [Server thread/INFO]: This server is running CraftBukkit version git-Bukkit-1.7.2-R0.3-14-g8f8716c-b3042jnks (MC: 1.7.5) (Implementing API version 1.7.5-R0.1-SNAPSHOT)
[01:19:55] [Server thread/WARN]: **** SERVER IS RUNNING IN OFFLINE/INSECURE MODE!
[01:19:55] [Server thread/WARN]: The server will make no attempt to authenticate usernames. Beware.
[01:19:55] [Server thread/WARN]: While this makes the game possible to play without internet access, it also opens up the ability for hackers to connect with any username they choose.
[01:19:55] [Server thread/WARN]: To change this, set "online-mode" to "true" in the server.properties file.
[01:19:55] [Server thread/INFO]: Preparing level "false"
[01:19:55] [Server thread/INFO]: Preparing start region for level 0 (Seed: 61684109878805716)
[01:19:57] [Server thread/INFO]: Preparing spawn area: 0%
[01:19:57] [Thread-7/WARN]: Exception in thread "Thread-7" 
[01:19:57] [Thread-7/WARN]: org.bukkit.craftbukkit.libs.com.google.gson.JsonSyntaxException: java.lang.IllegalStateException: Expected BEGIN_OBJECT but was STRING at line 1 column 7
[01:19:57] [Thread-7/WARN]: 	at org.bukkit.craftbukkit.libs.com.google.gson.internal.bind.ReflectiveTypeAdapterFactory$Adapter.read(ReflectiveTypeAdapterFactory.java:180)
[01:19:57] [Thread-7/WARN]: 	at org.bukkit.craftbukkit.libs.com.google.gson.Gson.fromJson(Gson.java:755)
[01:19:57] [Thread-7/WARN]: 	at org.bukkit.craftbukkit.libs.com.google.gson.Gson.fromJson(Gson.java:694)
[01:19:57] [Thread-7/WARN]: 	at org.bukkit.craftbukkit.v1_7_R2.updater.BukkitDLUpdaterService.fetchArtifact(BukkitDLUpdaterService.java:53)
[01:19:57] [Thread-7/WARN]: 	at org.bukkit.craftbukkit.v1_7_R2.updater.BukkitDLUpdaterService.getArtifact(BukkitDLUpdaterService.java:30)
[01:19:57] [Thread-7/WARN]: 	at org.bukkit.craftbukkit.v1_7_R2.updater.AutoUpdater$1.run(AutoUpdater.java:77)
[01:19:57] [Thread-7/WARN]: Caused by: java.lang.IllegalStateException: Expected BEGIN_OBJECT but was STRING at line 1 column 7
[01:19:57] [Thread-7/WARN]: 	at org.bukkit.craftbukkit.libs.com.google.gson.stream.JsonReader.expect(JsonReader.java:339)
[01:19:57] [Thread-7/WARN]: 	at org.bukkit.craftbukkit.libs.com.google.gson.stream.JsonReader.beginObject(JsonReader.java:322)
[01:19:57] [Thread-7/WARN]: 	at org.bukkit.craftbukkit.libs.com.google.gson.internal.bind.ReflectiveTypeAdapterFactory$Adapter.read(ReflectiveTypeAdapterFactory.java:168)
[01:19:57] [Thread-7/WARN]: 	... 5 more
[01:19:58] [Server thread/INFO]: Preparing spawn area: 34%
[01:19:59] [Server thread/INFO]: Preparing spawn area: 85%
[01:19:59] [Server thread/INFO]: Preparing start region for level 1 (Seed: 61684109878805716)
[01:20:00] [Server thread/INFO]: Preparing spawn area: 61%
[01:20:00] [Server thread/INFO]: Preparing start region for level 2 (Seed: 2331610942913408221)
[01:20:01] [Server thread/INFO]: Server permissions file permissions.yml is empty, ignoring it
[01:20:01] [Server thread/INFO]: Done (6.430s)! For help, type "help" or "?"
[01:20:55] [Server thread/INFO]: 许双sb[/58.249.112.22:2043] logged in with entity id 332 at ([world] 157.74501416765975, 70.0, 198.14812172973708)
[01:21:00] [Netty IO #0/INFO]: <许双sb> Damage Indicators was unable to check for updates!
[01:22:22] [Server thread/INFO]: mahong[/58.249.112.45:63377] logged in with entity id 1903 at ([world] 163.0426014048622, 68.0, 204.11454563330545)
[01:22:40] [Server thread/INFO]: 许双sb issued server command: /gamerule keepInventory true
[01:22:40] [Server thread/INFO]: 许双sb: Game rule keepInventory has been set to: true
[01:22:58] [Server thread/INFO]: 许双sb issued server command: /gamerule keepInventory true
[01:22:58] [Server thread/INFO]: 许双sb: Game rule keepInventory has been set to: true
[01:24:59] [Server thread/INFO]: mahong has just earned the achievement [We Need to Go Deeper]
[01:32:14] [Server thread/INFO]: 许双sb issued server command: /gamerule keepInventory true
[01:32:14] [Server thread/INFO]: 许双sb: Game rule keepInventory has been set to: true
[01:35:18] [Server thread/INFO]: mahong has just earned the achievement [Into Fire]
[01:36:46] [Server thread/INFO]: 许双sb was burnt to a crisp whilst fighting Blaze
[01:44:12] [Server thread/INFO]: 许双sb has just earned the achievement [Return to Sender]
[01:53:13] [Server thread/INFO]: mahong burned to death
[02:06:43] [Server thread/WARN]: mahong moved too quickly! -2.676476147963001,1.0099999904632426,-9.951438424150638 (2.676476147963001, 1.0099999904632426, 9.951438424150638)
[02:08:05] [Netty IO #0/INFO]: <mahong> suijiaoqu
[02:08:13] [Server thread/INFO]: mahong lost connection: Disconnected
[02:08:13] [Server thread/INFO]: mahong left the game.
[02:10:05] [Server thread/INFO]: 许双sb lost connection: Disconnected
[02:10:05] [Server thread/INFO]: 许双sb left the game.
[02:12:21] [Server thread/INFO]: 许双sb[/58.249.112.22:48331] logged in with entity id 17147 at ([world] 155.3213266378959, 61.0, 192.01064684734627)
[02:27:25] [Server thread/INFO]: 许双sb lost connection: Disconnected
[02:27:25] [Server thread/INFO]: 许双sb left the game.
